<?xml version="1.0" encoding="UTF-8"?>
<!-- Generated by org.testng.reporters.JUnitReportReporter -->
<testsuite hostname="MSI" failures="0" tests="1" name="test.HomePageTest" time="11.672" errors="0" timestamp="2022-09-16T01:53:58 IST" skipped="0">
  <testcase classname="test.HomePageTest" name="searchStockAndClickOnBuy" time="11.672"/>
  <system-out/>
</testsuite> <!-- test.HomePageTest -->
