<?xml version="1.0" encoding="UTF-8"?>
<!-- Generated by org.testng.reporters.JUnitReportReporter -->
<testsuite hostname="MSI" failures="0" tests="1" name="test.SignUpPageTest" time="10.263" errors="0" timestamp="2022-09-14T14:01:54 IST" skipped="0">
  <testcase classname="test.SignUpPageTest" name="ZerodhaSignUpTest" time="10.263"/>
  <system-out/>
</testsuite> <!-- test.SignUpPageTest -->
