<?xml version="1.0" encoding="UTF-8"?>
<!-- Generated by org.testng.reporters.JUnitReportReporter -->
<testsuite hostname="MSI" failures="0" tests="3" name="test.LoginPageTest" time="20.337" errors="0" timestamp="2022-09-25T13:06:38 IST" skipped="0">
  <testcase classname="test.LoginPageTest" name="data" time="6.233"/>
  <system-out/>
  <testcase classname="test.LoginPageTest" name="data" time="6.299"/>
  <system-out/>
  <testcase classname="test.LoginPageTest" name="data" time="7.805"/>
  <system-out/>
</testsuite> <!-- test.LoginPageTest -->
